<?xml version="1.0" encoding="UTF-8"?>
<!-- Generated by org.testng.reporters.JUnitReportReporter -->
<testsuite hostname="Shekhar" failures="0" tests="1" name="MyTest.LoginTest" time="2.221" errors="0" timestamp="2022-08-18T04:23:21 IST" skipped="0">
  <testcase classname="MyTest.LoginTest" name="login" time="2.221"/>
  <system-out/>
</testsuite> <!-- MyTest.LoginTest -->
