<?xml version="1.0" encoding="UTF-8"?>
<!-- Generated by org.testng.reporters.JUnitReportReporter -->
<testsuite hostname="Shekhar" failures="0" tests="1" name="MyTest.LoginTest" time="32.393" errors="0" timestamp="2022-08-18T05:32:48 IST" skipped="0">
  <testcase classname="MyTest.LoginTest" name="login" time="32.393"/>
  <system-out/>
</testsuite> <!-- MyTest.LoginTest -->
