<?xml version="1.0" encoding="UTF-8"?>
<!-- Generated by org.testng.reporters.JUnitReportReporter -->
<testsuite hostname="Shekhar" failures="0" tests="1" name="MyTest.HomeTest" time="53.140" errors="0" timestamp="2022-10-21T04:55:57 IST" skipped="0">
  <testcase classname="MyTest.HomeTest" name="login" time="53.140"/>
  <system-out/>
</testsuite> <!-- MyTest.HomeTest -->
